00:23:09 **** Incremental Build of configuration Release for project runAIServer ****
make all 
make: Nothing to be done for 'all'.
00:29:08 **** Incremental Build of configuration Release for project runAIServer ****
make all 
make: Nothing to be done for 'all'.
00:29:08 **** Incremental Build of configuration Release for project trainAIBackprop ****
make all 
make: Nothing to be done for 'all'.
00:29:08 **** Incremental Build of configuration Release for project trainAIGenetic ****
make all 
make: Nothing to be done for 'all'.

**** Build of configuration Debug for project trainBackprop ****

Nothing to build for project trainBackprop
00:31:07 **** Incremental Build of configuration Release for project runAIServer ****
make all 
make: Nothing to be done for 'all'.
00:31:07 **** Incremental Build of configuration Release for project trainAIBackprop ****
make all 
make: Nothing to be done for 'all'.
00:31:08 **** Incremental Build of configuration Release for project trainAIGenetic ****
make all 
make: Nothing to be done for 'all'.
00:31:08 **** Build of configuration Debug for project trainBackprop ****
make all 
Building file: ../src/benimaxMove.cpp
Invoking: GCC C++ Compiler
g++ -O0 -g3 -Wall -c -fmessage-length=0 -MMD -MP -MF"src/benimaxMove.d" -MT"src/benimaxMove.d" -o "src/benimaxMove.o" "../src/benimaxMove.cpp"
In file included from /usr/include/c++/5/array:35:0,
                 from ../src/benimaxMove.cpp:6:
/usr/include/c++/5/bits/c++0x_warning.h:32:2: error: #error This file requires compiler and library support for the ISO C++ 2011 standard. This support must be enabled with the -std=c++11 or -std=gnu++11 compiler options.
 #error This file requires compiler and library support \
  ^
In file included from ../src/globals.h:8:0,
                 from ../src/benimaxMove.cpp:7:
../src/neuron.h:20:22: warning: non-static data member initializers only available with -std=c++11 or -std=gnu++11
  long double value = 0.00;
                      ^
../src/neuron.h:37:22: warning: non-static data member initializers only available with -std=c++11 or -std=gnu++11
  long double value = 0.00;
                      ^
../src/neuron.h:62:22: warning: non-static data member initializers only available with -std=c++11 or -std=gnu++11
  long double value = 0.00;
                      ^
../src/neuron.h:63:13: warning: non-static data member initializers only available with -std=c++11 or -std=gnu++11
  double c = 0;
             ^
In file included from ../src/globals.h:9:0,
                 from ../src/benimaxMove.cpp:7:
../src/weight.h:22:22: warning: non-static data member initializers only available with -std=c++11 or -std=gnu++11
  long double value = 0;
                      ^
../src/weight.h:23:22: warning: non-static data member initializers only available with -std=c++11 or -std=gnu++11
  long double delta = 0;
                      ^
../src/weight.h:24:21: warning: non-static data member initializers only available with -std=c++11 or -std=gnu++11
  long suggestions = 0;
                     ^
src/subdir.mk:51: recipe for target 'src/benimaxMove.o' failed
make: *** [src/benimaxMove.o] Error 1
00:32:08 **** Incremental Build of configuration Release for project runAIServer ****
make all 
make: Nothing to be done for 'all'.
00:32:08 **** Incremental Build of configuration Release for project trainAIBackprop ****
make all 
make: Nothing to be done for 'all'.
00:32:09 **** Incremental Build of configuration Release for project trainAIGenetic ****
make all 
make: Nothing to be done for 'all'.
00:32:09 **** Incremental Build of configuration Debug for project trainBackprop ****
make all 
Building file: ../src/benimaxMove.cpp
Invoking: GCC C++ Compiler
g++ -O0 -g3 -Wall -c -fmessage-length=0 -std=c++11 -MMD -MP -MF"src/benimaxMove.d" -MT"src/benimaxMove.d" -o "src/benimaxMove.o" "../src/benimaxMove.cpp"
Finished building: ../src/benimaxMove.cpp
 
Building file: ../src/canEnd.cpp
Invoking: GCC C++ Compiler
g++ -O0 -g3 -Wall -c -fmessage-length=0 -std=c++11 -MMD -MP -MF"src/canEnd.d" -MT"src/canEnd.d" -o "src/canEnd.o" "../src/canEnd.cpp"
Finished building: ../src/canEnd.cpp
 
Building file: ../src/checkState.cpp
Invoking: GCC C++ Compiler
g++ -O0 -g3 -Wall -c -fmessage-length=0 -std=c++11 -MMD -MP -MF"src/checkState.d" -MT"src/checkState.d" -o "src/checkState.o" "../src/checkState.cpp"
Finished building: ../src/checkState.cpp
 
Building file: ../src/main.cpp
Invoking: GCC C++ Compiler
g++ -O0 -g3 -Wall -c -fmessage-length=0 -std=c++11 -MMD -MP -MF"src/main.d" -MT"src/main.d" -o "src/main.o" "../src/main.cpp"
Finished building: ../src/main.cpp
 
Building file: ../src/neuralMove.cpp
Invoking: GCC C++ Compiler
g++ -O0 -g3 -Wall -c -fmessage-length=0 -std=c++11 -MMD -MP -MF"src/neuralMove.d" -MT"src/neuralMove.d" -o "src/neuralMove.o" "../src/neuralMove.cpp"
Finished building: ../src/neuralMove.cpp
 
Building file: ../src/playGame.cpp
Invoking: GCC C++ Compiler
g++ -O0 -g3 -Wall -c -fmessage-length=0 -std=c++11 -MMD -MP -MF"src/playGame.d" -MT"src/playGame.d" -o "src/playGame.o" "../src/playGame.cpp"
Finished building: ../src/playGame.cpp
 
Building file: ../src/possibleMove.cpp
Invoking: GCC C++ Compiler
g++ -O0 -g3 -Wall -c -fmessage-length=0 -std=c++11 -MMD -MP -MF"src/possibleMove.d" -MT"src/possibleMove.d" -o "src/possibleMove.o" "../src/possibleMove.cpp"
Finished building: ../src/possibleMove.cpp
 
Building file: ../src/printBoard.cpp
Invoking: GCC C++ Compiler
g++ -O0 -g3 -Wall -c -fmessage-length=0 -std=c++11 -MMD -MP -MF"src/printBoard.d" -MT"src/printBoard.d" -o "src/printBoard.o" "../src/printBoard.cpp"
Finished building: ../src/printBoard.cpp
 
Building file: ../src/random.cpp
Invoking: GCC C++ Compiler
g++ -O0 -g3 -Wall -c -fmessage-length=0 -std=c++11 -MMD -MP -MF"src/random.d" -MT"src/random.d" -o "src/random.o" "../src/random.cpp"
Finished building: ../src/random.cpp
 
Building file: ../src/refPointers.cpp
Invoking: GCC C++ Compiler
g++ -O0 -g3 -Wall -c -fmessage-length=0 -std=c++11 -MMD -MP -MF"src/refPointers.d" -MT"src/refPointers.d" -o "src/refPointers.o" "../src/refPointers.cpp"
Finished building: ../src/refPointers.cpp
 
Building file: ../src/resetBoard.cpp
Invoking: GCC C++ Compiler
g++ -O0 -g3 -Wall -c -fmessage-length=0 -std=c++11 -MMD -MP -MF"src/resetBoard.d" -MT"src/resetBoard.d" -o "src/resetBoard.o" "../src/resetBoard.cpp"
Finished building: ../src/resetBoard.cpp
 
Building file: ../src/writeFile.cpp
Invoking: GCC C++ Compiler
g++ -O0 -g3 -Wall -c -fmessage-length=0 -std=c++11 -MMD -MP -MF"src/writeFile.d" -MT"src/writeFile.d" -o "src/writeFile.o" "../src/writeFile.cpp"
Finished building: ../src/writeFile.cpp
 
Building target: trainBackprop
Invoking: GCC C++ Linker
g++  -o "trainBackprop"  ./src/benimaxMove.o ./src/canEnd.o ./src/checkState.o ./src/main.o ./src/neuralMove.o ./src/playGame.o ./src/possibleMove.o ./src/printBoard.o ./src/random.o ./src/refPointers.o ./src/resetBoard.o ./src/writeFile.o   
Finished building target: trainBackprop
 
00:33:38 **** Incremental Build of configuration Release for project runAIServer ****
make all 
make: Nothing to be done for 'all'.
00:33:38 **** Incremental Build of configuration Release for project trainAIBackprop ****
make all 
make: Nothing to be done for 'all'.
00:33:39 **** Incremental Build of configuration Release for project trainAIGenetic ****
make all 
make: Nothing to be done for 'all'.
00:33:39 **** Incremental Build of configuration Release for project trainBackprop ****
make all 
Building file: ../src/benimaxMove.cpp
Invoking: GCC C++ Compiler
g++ -O3 -Wall -c -fmessage-length=0 -std=c++11 -MMD -MP -MF"src/benimaxMove.d" -MT"src/benimaxMove.d" -o "src/benimaxMove.o" "../src/benimaxMove.cpp"
Finished building: ../src/benimaxMove.cpp
 
Building file: ../src/canEnd.cpp
Invoking: GCC C++ Compiler
g++ -O3 -Wall -c -fmessage-length=0 -std=c++11 -MMD -MP -MF"src/canEnd.d" -MT"src/canEnd.d" -o "src/canEnd.o" "../src/canEnd.cpp"
Finished building: ../src/canEnd.cpp
 
Building file: ../src/checkState.cpp
Invoking: GCC C++ Compiler
g++ -O3 -Wall -c -fmessage-length=0 -std=c++11 -MMD -MP -MF"src/checkState.d" -MT"src/checkState.d" -o "src/checkState.o" "../src/checkState.cpp"
Finished building: ../src/checkState.cpp
 
Building file: ../src/main.cpp
Invoking: GCC C++ Compiler
g++ -O3 -Wall -c -fmessage-length=0 -std=c++11 -MMD -MP -MF"src/main.d" -MT"src/main.d" -o "src/main.o" "../src/main.cpp"
Finished building: ../src/main.cpp
 
Building file: ../src/neuralMove.cpp
Invoking: GCC C++ Compiler
g++ -O3 -Wall -c -fmessage-length=0 -std=c++11 -MMD -MP -MF"src/neuralMove.d" -MT"src/neuralMove.d" -o "src/neuralMove.o" "../src/neuralMove.cpp"
Finished building: ../src/neuralMove.cpp
 
Building file: ../src/playGame.cpp
Invoking: GCC C++ Compiler
g++ -O3 -Wall -c -fmessage-length=0 -std=c++11 -MMD -MP -MF"src/playGame.d" -MT"src/playGame.d" -o "src/playGame.o" "../src/playGame.cpp"
Finished building: ../src/playGame.cpp
 
Building file: ../src/possibleMove.cpp
Invoking: GCC C++ Compiler
g++ -O3 -Wall -c -fmessage-length=0 -std=c++11 -MMD -MP -MF"src/possibleMove.d" -MT"src/possibleMove.d" -o "src/possibleMove.o" "../src/possibleMove.cpp"
Finished building: ../src/possibleMove.cpp
 
Building file: ../src/printBoard.cpp
Invoking: GCC C++ Compiler
g++ -O3 -Wall -c -fmessage-length=0 -std=c++11 -MMD -MP -MF"src/printBoard.d" -MT"src/printBoard.d" -o "src/printBoard.o" "../src/printBoard.cpp"
Finished building: ../src/printBoard.cpp
 
Building file: ../src/random.cpp
Invoking: GCC C++ Compiler
g++ -O3 -Wall -c -fmessage-length=0 -std=c++11 -MMD -MP -MF"src/random.d" -MT"src/random.d" -o "src/random.o" "../src/random.cpp"
Finished building: ../src/random.cpp
 
Building file: ../src/refPointers.cpp
Invoking: GCC C++ Compiler
g++ -O3 -Wall -c -fmessage-length=0 -std=c++11 -MMD -MP -MF"src/refPointers.d" -MT"src/refPointers.d" -o "src/refPointers.o" "../src/refPointers.cpp"
Finished building: ../src/refPointers.cpp
 
Building file: ../src/resetBoard.cpp
Invoking: GCC C++ Compiler
g++ -O3 -Wall -c -fmessage-length=0 -std=c++11 -MMD -MP -MF"src/resetBoard.d" -MT"src/resetBoard.d" -o "src/resetBoard.o" "../src/resetBoard.cpp"
Finished building: ../src/resetBoard.cpp
 
Building file: ../src/writeFile.cpp
Invoking: GCC C++ Compiler
g++ -O3 -Wall -c -fmessage-length=0 -std=c++11 -MMD -MP -MF"src/writeFile.d" -MT"src/writeFile.d" -o "src/writeFile.o" "../src/writeFile.cpp"
Finished building: ../src/writeFile.cpp
 
Building target: trainBackprop
Invoking: GCC C++ Linker
g++  -o "trainBackprop"  ./src/benimaxMove.o ./src/canEnd.o ./src/checkState.o ./src/main.o ./src/neuralMove.o ./src/playGame.o ./src/possibleMove.o ./src/printBoard.o ./src/random.o ./src/refPointers.o ./src/resetBoard.o ./src/writeFile.o   
Finished building target: trainBackprop
 

**** Build of configuration Release for project trainGenetic ****

Nothing to build for project trainGenetic
00:34:15 **** Incremental Build of configuration Release for project runAIServer ****
make all 
make: Nothing to be done for 'all'.
00:34:15 **** Incremental Build of configuration Release for project trainAIBackprop ****
make all 
make: Nothing to be done for 'all'.
00:34:16 **** Incremental Build of configuration Release for project trainAIGenetic ****
make all 
make: Nothing to be done for 'all'.
00:34:16 **** Incremental Build of configuration Release for project trainBackprop ****
make all 
make: Nothing to be done for 'all'.
00:34:16 **** Incremental Build of configuration Release for project trainGenetic ****
make all 
Building file: ../src/benimaxMove.cpp
Invoking: GCC C++ Compiler
g++ -O3 -Wall -c -fmessage-length=0 -std=c++11 -MMD -MP -MF"src/benimaxMove.d" -MT"src/benimaxMove.d" -o "src/benimaxMove.o" "../src/benimaxMove.cpp"
Finished building: ../src/benimaxMove.cpp
 
Building file: ../src/canEnd.cpp
Invoking: GCC C++ Compiler
g++ -O3 -Wall -c -fmessage-length=0 -std=c++11 -MMD -MP -MF"src/canEnd.d" -MT"src/canEnd.d" -o "src/canEnd.o" "../src/canEnd.cpp"
Finished building: ../src/canEnd.cpp
 
Building file: ../src/checkState.cpp
Invoking: GCC C++ Compiler
g++ -O3 -Wall -c -fmessage-length=0 -std=c++11 -MMD -MP -MF"src/checkState.d" -MT"src/checkState.d" -o "src/checkState.o" "../src/checkState.cpp"
Finished building: ../src/checkState.cpp
 
Building file: ../src/evolve.cpp
Invoking: GCC C++ Compiler
g++ -O3 -Wall -c -fmessage-length=0 -std=c++11 -MMD -MP -MF"src/evolve.d" -MT"src/evolve.d" -o "src/evolve.o" "../src/evolve.cpp"
Finished building: ../src/evolve.cpp
 
Building file: ../src/main.cpp
Invoking: GCC C++ Compiler
g++ -O3 -Wall -c -fmessage-length=0 -std=c++11 -MMD -MP -MF"src/main.d" -MT"src/main.d" -o "src/main.o" "../src/main.cpp"
Finished building: ../src/main.cpp
 
Building file: ../src/neuralMove.cpp
Invoking: GCC C++ Compiler
g++ -O3 -Wall -c -fmessage-length=0 -std=c++11 -MMD -MP -MF"src/neuralMove.d" -MT"src/neuralMove.d" -o "src/neuralMove.o" "../src/neuralMove.cpp"
Finished building: ../src/neuralMove.cpp
 
Building file: ../src/playGame.cpp
Invoking: GCC C++ Compiler
g++ -O3 -Wall -c -fmessage-length=0 -std=c++11 -MMD -MP -MF"src/playGame.d" -MT"src/playGame.d" -o "src/playGame.o" "../src/playGame.cpp"
Finished building: ../src/playGame.cpp
 
Building file: ../src/possibleMove.cpp
Invoking: GCC C++ Compiler
g++ -O3 -Wall -c -fmessage-length=0 -std=c++11 -MMD -MP -MF"src/possibleMove.d" -MT"src/possibleMove.d" -o "src/possibleMove.o" "../src/possibleMove.cpp"
Finished building: ../src/possibleMove.cpp
 
Building file: ../src/printBoard.cpp
Invoking: GCC C++ Compiler
g++ -O3 -Wall -c -fmessage-length=0 -std=c++11 -MMD -MP -MF"src/printBoard.d" -MT"src/printBoard.d" -o "src/printBoard.o" "../src/printBoard.cpp"
Finished building: ../src/printBoard.cpp
 
Building file: ../src/random.cpp
Invoking: GCC C++ Compiler
g++ -O3 -Wall -c -fmessage-length=0 -std=c++11 -MMD -MP -MF"src/random.d" -MT"src/random.d" -o "src/random.o" "../src/random.cpp"
Finished building: ../src/random.cpp
 
Building file: ../src/readFile.cpp
Invoking: GCC C++ Compiler
g++ -O3 -Wall -c -fmessage-length=0 -std=c++11 -MMD -MP -MF"src/readFile.d" -MT"src/readFile.d" -o "src/readFile.o" "../src/readFile.cpp"
Finished building: ../src/readFile.cpp
 
Building file: ../src/refPointers.cpp
Invoking: GCC C++ Compiler
g++ -O3 -Wall -c -fmessage-length=0 -std=c++11 -MMD -MP -MF"src/refPointers.d" -MT"src/refPointers.d" -o "src/refPointers.o" "../src/refPointers.cpp"
Finished building: ../src/refPointers.cpp
 
Building file: ../src/resetBoard.cpp
Invoking: GCC C++ Compiler
g++ -O3 -Wall -c -fmessage-length=0 -std=c++11 -MMD -MP -MF"src/resetBoard.d" -MT"src/resetBoard.d" -o "src/resetBoard.o" "../src/resetBoard.cpp"
Finished building: ../src/resetBoard.cpp
 
Building file: ../src/writeFile.cpp
Invoking: GCC C++ Compiler
g++ -O3 -Wall -c -fmessage-length=0 -std=c++11 -MMD -MP -MF"src/writeFile.d" -MT"src/writeFile.d" -o "src/writeFile.o" "../src/writeFile.cpp"
Finished building: ../src/writeFile.cpp
 
Building target: trainGenetic
Invoking: GCC C++ Linker
g++  -o "trainGenetic"  ./src/benimaxMove.o ./src/canEnd.o ./src/checkState.o ./src/evolve.o ./src/main.o ./src/neuralMove.o ./src/playGame.o ./src/possibleMove.o ./src/printBoard.o ./src/random.o ./src/readFile.o ./src/refPointers.o ./src/resetBoard.o ./src/writeFile.o   
Finished building target: trainGenetic
 
00:36:06 **** Incremental Build of configuration Release for project runAIServer ****
make all 
make: Nothing to be done for 'all'.
00:36:06 **** Build of configuration Release for project runServer ****
make all 
Building file: ../src/runServer.cpp
Invoking: GCC C++ Compiler
g++ -O3 -Wall -c -fmessage-length=0 -std=c++11 -MMD -MP -MF"src/runServer.d" -MT"src/runServer.d" -o "src/runServer.o" "../src/runServer.cpp"
Finished building: ../src/runServer.cpp
 
Building target: runServer
Invoking: GCC C++ Linker
g++  -o "runServer"  ./src/runServer.o   
Finished building target: runServer
 
00:36:07 **** Incremental Build of configuration Release for project trainBackprop ****
make all 
make: Nothing to be done for 'all'.
00:36:07 **** Incremental Build of configuration Release for project trainGenetic ****
make all 
make: Nothing to be done for 'all'.
00:36:36 **** Incremental Build of configuration Release for project runAIServer ****
make all 
make: Nothing to be done for 'all'.
00:36:36 **** Incremental Build of configuration Release for project runServer ****
make all 
Building file: ../src/alphabetaMove.cpp
Invoking: GCC C++ Compiler
g++ -O3 -Wall -c -fmessage-length=0 -std=c++11 -MMD -MP -MF"src/alphabetaMove.d" -MT"src/alphabetaMove.d" -o "src/alphabetaMove.o" "../src/alphabetaMove.cpp"
In file included from ../src/alphabetaMove.cpp:7:0:
../src/globals.h:9:20: fatal error: weight.h: No such file or directory
compilation terminated.
make: *** [src/alphabetaMove.o] Error 1
src/subdir.mk:57: recipe for target 'src/alphabetaMove.o' failed
00:36:37 **** Incremental Build of configuration Release for project trainBackprop ****
make all 
make: Nothing to be done for 'all'.
00:36:37 **** Incremental Build of configuration Release for project trainGenetic ****
make all 
make: Nothing to be done for 'all'.
00:36:55 **** Incremental Build of configuration Release for project runAIServer ****
make all 
make: Nothing to be done for 'all'.
00:36:55 **** Incremental Build of configuration Release for project runServer ****
make all 
Building file: ../src/alphabetaMove.cpp
Invoking: GCC C++ Compiler
g++ -O3 -Wall -c -fmessage-length=0 -std=c++11 -MMD -MP -MF"src/alphabetaMove.d" -MT"src/alphabetaMove.d" -o "src/alphabetaMove.o" "../src/alphabetaMove.cpp"
Finished building: ../src/alphabetaMove.cpp
 
Building file: ../src/benimaxMove.cpp
Invoking: GCC C++ Compiler
g++ -O3 -Wall -c -fmessage-length=0 -std=c++11 -MMD -MP -MF"src/benimaxMove.d" -MT"src/benimaxMove.d" -o "src/benimaxMove.o" "../src/benimaxMove.cpp"
Finished building: ../src/benimaxMove.cpp
 
Building file: ../src/canEnd.cpp
Invoking: GCC C++ Compiler
g++ -O3 -Wall -c -fmessage-length=0 -std=c++11 -MMD -MP -MF"src/canEnd.d" -MT"src/canEnd.d" -o "src/canEnd.o" "../src/canEnd.cpp"
Finished building: ../src/canEnd.cpp
 
Building file: ../src/checkState.cpp
Invoking: GCC C++ Compiler
g++ -O3 -Wall -c -fmessage-length=0 -std=c++11 -MMD -MP -MF"src/checkState.d" -MT"src/checkState.d" -o "src/checkState.o" "../src/checkState.cpp"
Finished building: ../src/checkState.cpp
 
Building file: ../src/compare.cpp
Invoking: GCC C++ Compiler
g++ -O3 -Wall -c -fmessage-length=0 -std=c++11 -MMD -MP -MF"src/compare.d" -MT"src/compare.d" -o "src/compare.o" "../src/compare.cpp"
Finished building: ../src/compare.cpp
 
Building file: ../src/main.cpp
Invoking: GCC C++ Compiler
g++ -O3 -Wall -c -fmessage-length=0 -std=c++11 -MMD -MP -MF"src/main.d" -MT"src/main.d" -o "src/main.o" "../src/main.cpp"
Finished building: ../src/main.cpp
 
Building file: ../src/minimaxMove.cpp
Invoking: GCC C++ Compiler
g++ -O3 -Wall -c -fmessage-length=0 -std=c++11 -MMD -MP -MF"src/minimaxMove.d" -MT"src/minimaxMove.d" -o "src/minimaxMove.o" "../src/minimaxMove.cpp"
Finished building: ../src/minimaxMove.cpp
 
Building file: ../src/neuralMove.cpp
Invoking: GCC C++ Compiler
g++ -O3 -Wall -c -fmessage-length=0 -std=c++11 -MMD -MP -MF"src/neuralMove.d" -MT"src/neuralMove.d" -o "src/neuralMove.o" "../src/neuralMove.cpp"
Finished building: ../src/neuralMove.cpp
 
Building file: ../src/playGame.cpp
Invoking: GCC C++ Compiler
g++ -O3 -Wall -c -fmessage-length=0 -std=c++11 -MMD -MP -MF"src/playGame.d" -MT"src/playGame.d" -o "src/playGame.o" "../src/playGame.cpp"
Finished building: ../src/playGame.cpp
 
Building file: ../src/possibleMove.cpp
Invoking: GCC C++ Compiler
g++ -O3 -Wall -c -fmessage-length=0 -std=c++11 -MMD -MP -MF"src/possibleMove.d" -MT"src/possibleMove.d" -o "src/possibleMove.o" "../src/possibleMove.cpp"
Finished building: ../src/possibleMove.cpp
 
Building file: ../src/printBoard.cpp
Invoking: GCC C++ Compiler
g++ -O3 -Wall -c -fmessage-length=0 -std=c++11 -MMD -MP -MF"src/printBoard.d" -MT"src/printBoard.d" -o "src/printBoard.o" "../src/printBoard.cpp"
Finished building: ../src/printBoard.cpp
 
Building file: ../src/random.cpp
Invoking: GCC C++ Compiler
g++ -O3 -Wall -c -fmessage-length=0 -std=c++11 -MMD -MP -MF"src/random.d" -MT"src/random.d" -o "src/random.o" "../src/random.cpp"
Finished building: ../src/random.cpp
 
Building file: ../src/readWeights.cpp
Invoking: GCC C++ Compiler
g++ -O3 -Wall -c -fmessage-length=0 -std=c++11 -MMD -MP -MF"src/readWeights.d" -MT"src/readWeights.d" -o "src/readWeights.o" "../src/readWeights.cpp"
Finished building: ../src/readWeights.cpp
 
Building file: ../src/refPointers.cpp
Invoking: GCC C++ Compiler
g++ -O3 -Wall -c -fmessage-length=0 -std=c++11 -MMD -MP -MF"src/refPointers.d" -MT"src/refPointers.d" -o "src/refPointers.o" "../src/refPointers.cpp"
Finished building: ../src/refPointers.cpp
 
Building target: runServer
Invoking: GCC C++ Linker
g++  -o "runServer"  ./src/alphabetaMove.o ./src/benimaxMove.o ./src/canEnd.o ./src/checkState.o ./src/compare.o ./src/main.o ./src/minimaxMove.o ./src/neuralMove.o ./src/playGame.o ./src/possibleMove.o ./src/printBoard.o ./src/random.o ./src/readWeights.o ./src/refPointers.o   
Finished building target: runServer
 
00:36:57 **** Incremental Build of configuration Release for project trainBackprop ****
make all 
make: Nothing to be done for 'all'.
00:36:58 **** Incremental Build of configuration Release for project trainGenetic ****
make all 
make: Nothing to be done for 'all'.
